[29-Mar-2019 00:55:15 UTC] PHP Warning:  include(../sections/_footer1.php): failed to open stream: No such file or directory in /home/ubuntu/workspace/DAW/Examen-DAW/views/inicio.php on line 4
[29-Mar-2019 00:55:15 UTC] PHP Stack trace:
[29-Mar-2019 00:55:15 UTC] PHP   1. {main}() /home/ubuntu/workspace/DAW/Examen-DAW/views/inicio.php:0
[29-Mar-2019 00:55:15 UTC] PHP Warning:  include(): Failed opening '../sections/_footer1.php' for inclusion (include_path='.:/usr/share/php:/usr/share/pear') in /home/ubuntu/workspace/DAW/Examen-DAW/views/inicio.php on line 4
[29-Mar-2019 00:55:15 UTC] PHP Stack trace:
[29-Mar-2019 00:55:15 UTC] PHP   1. {main}() /home/ubuntu/workspace/DAW/Examen-DAW/views/inicio.php:0
[29-Mar-2019 01:16:32 UTC] PHP Warning:  include(../sections/_footer1.php): failed to open stream: No such file or directory in /home/ubuntu/workspace/DAW/Examen-DAW/views/inicio.php on line 4
[29-Mar-2019 01:16:32 UTC] PHP Stack trace:
[29-Mar-2019 01:16:32 UTC] PHP   1. {main}() /home/ubuntu/workspace/DAW/Examen-DAW/views/inicio.php:0
[29-Mar-2019 01:16:32 UTC] PHP Warning:  include(): Failed opening '../sections/_footer1.php' for inclusion (include_path='.:/usr/share/php:/usr/share/pear') in /home/ubuntu/workspace/DAW/Examen-DAW/views/inicio.php on line 4
[29-Mar-2019 01:16:32 UTC] PHP Stack trace:
[29-Mar-2019 01:16:32 UTC] PHP   1. {main}() /home/ubuntu/workspace/DAW/Examen-DAW/views/inicio.php:0
[29-Mar-2019 01:18:03 UTC] PHP Warning:  include(../sections/_footer1.php): failed to open stream: No such file or directory in /home/ubuntu/workspace/DAW/Examen-DAW/views/inicio.php on line 4
[29-Mar-2019 01:18:03 UTC] PHP Stack trace:
[29-Mar-2019 01:18:03 UTC] PHP   1. {main}() /home/ubuntu/workspace/DAW/Examen-DAW/views/inicio.php:0
[29-Mar-2019 01:18:03 UTC] PHP Warning:  include(): Failed opening '../sections/_footer1.php' for inclusion (include_path='.:/usr/share/php:/usr/share/pear') in /home/ubuntu/workspace/DAW/Examen-DAW/views/inicio.php on line 4
[29-Mar-2019 01:18:03 UTC] PHP Stack trace:
[29-Mar-2019 01:18:03 UTC] PHP   1. {main}() /home/ubuntu/workspace/DAW/Examen-DAW/views/inicio.php:0
[29-Mar-2019 01:26:40 UTC] PHP Warning:  include(../sections/_footer1.php): failed to open stream: No such file or directory in /home/ubuntu/workspace/DAW/Examen-DAW/views/inicio.php on line 4
[29-Mar-2019 01:26:40 UTC] PHP Stack trace:
[29-Mar-2019 01:26:40 UTC] PHP   1. {main}() /home/ubuntu/workspace/DAW/Examen-DAW/views/inicio.php:0
[29-Mar-2019 01:26:40 UTC] PHP Warning:  include(): Failed opening '../sections/_footer1.php' for inclusion (include_path='.:/usr/share/php:/usr/share/pear') in /home/ubuntu/workspace/DAW/Examen-DAW/views/inicio.php on line 4
[29-Mar-2019 01:26:40 UTC] PHP Stack trace:
[29-Mar-2019 01:26:40 UTC] PHP   1. {main}() /home/ubuntu/workspace/DAW/Examen-DAW/views/inicio.php:0
[29-Mar-2019 01:27:32 UTC] PHP Warning:  include(../sections/_footer1.php): failed to open stream: No such file or directory in /home/ubuntu/workspace/DAW/Examen-DAW/views/inicio.php on line 4
[29-Mar-2019 01:27:32 UTC] PHP Stack trace:
[29-Mar-2019 01:27:32 UTC] PHP   1. {main}() /home/ubuntu/workspace/DAW/Examen-DAW/views/inicio.php:0
[29-Mar-2019 01:27:32 UTC] PHP Warning:  include(): Failed opening '../sections/_footer1.php' for inclusion (include_path='.:/usr/share/php:/usr/share/pear') in /home/ubuntu/workspace/DAW/Examen-DAW/views/inicio.php on line 4
[29-Mar-2019 01:27:32 UTC] PHP Stack trace:
[29-Mar-2019 01:27:32 UTC] PHP   1. {main}() /home/ubuntu/workspace/DAW/Examen-DAW/views/inicio.php:0
[29-Mar-2019 01:27:44 UTC] PHP Warning:  include(../sections/_footer1.php): failed to open stream: No such file or directory in /home/ubuntu/workspace/DAW/Examen-DAW/views/inicio.php on line 4
[29-Mar-2019 01:27:44 UTC] PHP Stack trace:
[29-Mar-2019 01:27:44 UTC] PHP   1. {main}() /home/ubuntu/workspace/DAW/Examen-DAW/views/inicio.php:0
[29-Mar-2019 01:27:44 UTC] PHP Warning:  include(): Failed opening '../sections/_footer1.php' for inclusion (include_path='.:/usr/share/php:/usr/share/pear') in /home/ubuntu/workspace/DAW/Examen-DAW/views/inicio.php on line 4
[29-Mar-2019 01:27:44 UTC] PHP Stack trace:
[29-Mar-2019 01:27:44 UTC] PHP   1. {main}() /home/ubuntu/workspace/DAW/Examen-DAW/views/inicio.php:0
[29-Mar-2019 01:28:16 UTC] PHP Warning:  include(../sections/_footer1.php): failed to open stream: No such file or directory in /home/ubuntu/workspace/DAW/Examen-DAW/views/inicio.php on line 4
[29-Mar-2019 01:28:16 UTC] PHP Stack trace:
[29-Mar-2019 01:28:16 UTC] PHP   1. {main}() /home/ubuntu/workspace/DAW/Examen-DAW/views/inicio.php:0
[29-Mar-2019 01:28:16 UTC] PHP Warning:  include(): Failed opening '../sections/_footer1.php' for inclusion (include_path='.:/usr/share/php:/usr/share/pear') in /home/ubuntu/workspace/DAW/Examen-DAW/views/inicio.php on line 4
[29-Mar-2019 01:28:16 UTC] PHP Stack trace:
[29-Mar-2019 01:28:16 UTC] PHP   1. {main}() /home/ubuntu/workspace/DAW/Examen-DAW/views/inicio.php:0
[29-Mar-2019 01:28:40 UTC] PHP Warning:  include(../sections/_footer1.php): failed to open stream: No such file or directory in /home/ubuntu/workspace/DAW/Examen-DAW/views/inicio.php on line 4
[29-Mar-2019 01:28:40 UTC] PHP Stack trace:
[29-Mar-2019 01:28:40 UTC] PHP   1. {main}() /home/ubuntu/workspace/DAW/Examen-DAW/views/inicio.php:0
[29-Mar-2019 01:28:40 UTC] PHP Warning:  include(): Failed opening '../sections/_footer1.php' for inclusion (include_path='.:/usr/share/php:/usr/share/pear') in /home/ubuntu/workspace/DAW/Examen-DAW/views/inicio.php on line 4
[29-Mar-2019 01:28:40 UTC] PHP Stack trace:
[29-Mar-2019 01:28:40 UTC] PHP   1. {main}() /home/ubuntu/workspace/DAW/Examen-DAW/views/inicio.php:0
[29-Mar-2019 01:29:22 UTC] PHP Warning:  include(../sections/_footer1.php): failed to open stream: No such file or directory in /home/ubuntu/workspace/DAW/Examen-DAW/views/inicio.php on line 4
[29-Mar-2019 01:29:22 UTC] PHP Stack trace:
[29-Mar-2019 01:29:22 UTC] PHP   1. {main}() /home/ubuntu/workspace/DAW/Examen-DAW/views/inicio.php:0
[29-Mar-2019 01:29:22 UTC] PHP Warning:  include(): Failed opening '../sections/_footer1.php' for inclusion (include_path='.:/usr/share/php:/usr/share/pear') in /home/ubuntu/workspace/DAW/Examen-DAW/views/inicio.php on line 4
[29-Mar-2019 01:29:22 UTC] PHP Stack trace:
[29-Mar-2019 01:29:22 UTC] PHP   1. {main}() /home/ubuntu/workspace/DAW/Examen-DAW/views/inicio.php:0
[29-Mar-2019 01:29:29 UTC] PHP Warning:  include(../sections/_footer1.php): failed to open stream: No such file or directory in /home/ubuntu/workspace/DAW/Examen-DAW/views/inicio.php on line 4
[29-Mar-2019 01:29:29 UTC] PHP Stack trace:
[29-Mar-2019 01:29:29 UTC] PHP   1. {main}() /home/ubuntu/workspace/DAW/Examen-DAW/views/inicio.php:0
[29-Mar-2019 01:29:29 UTC] PHP Warning:  include(): Failed opening '../sections/_footer1.php' for inclusion (include_path='.:/usr/share/php:/usr/share/pear') in /home/ubuntu/workspace/DAW/Examen-DAW/views/inicio.php on line 4
[29-Mar-2019 01:29:29 UTC] PHP Stack trace:
[29-Mar-2019 01:29:29 UTC] PHP   1. {main}() /home/ubuntu/workspace/DAW/Examen-DAW/views/inicio.php:0
[29-Mar-2019 01:29:49 UTC] PHP Warning:  include(../sections/_footer1.php): failed to open stream: No such file or directory in /home/ubuntu/workspace/DAW/Examen-DAW/views/inicio.php on line 4
[29-Mar-2019 01:29:49 UTC] PHP Stack trace:
[29-Mar-2019 01:29:49 UTC] PHP   1. {main}() /home/ubuntu/workspace/DAW/Examen-DAW/views/inicio.php:0
[29-Mar-2019 01:29:49 UTC] PHP Warning:  include(): Failed opening '../sections/_footer1.php' for inclusion (include_path='.:/usr/share/php:/usr/share/pear') in /home/ubuntu/workspace/DAW/Examen-DAW/views/inicio.php on line 4
[29-Mar-2019 01:29:49 UTC] PHP Stack trace:
[29-Mar-2019 01:29:49 UTC] PHP   1. {main}() /home/ubuntu/workspace/DAW/Examen-DAW/views/inicio.php:0
[29-Mar-2019 01:30:02 UTC] PHP Warning:  include(../sections/_footer1.php): failed to open stream: No such file or directory in /home/ubuntu/workspace/DAW/Examen-DAW/views/inicio.php on line 4
[29-Mar-2019 01:30:02 UTC] PHP Stack trace:
[29-Mar-2019 01:30:02 UTC] PHP   1. {main}() /home/ubuntu/workspace/DAW/Examen-DAW/views/inicio.php:0
[29-Mar-2019 01:30:02 UTC] PHP Warning:  include(): Failed opening '../sections/_footer1.php' for inclusion (include_path='.:/usr/share/php:/usr/share/pear') in /home/ubuntu/workspace/DAW/Examen-DAW/views/inicio.php on line 4
[29-Mar-2019 01:30:02 UTC] PHP Stack trace:
[29-Mar-2019 01:30:02 UTC] PHP   1. {main}() /home/ubuntu/workspace/DAW/Examen-DAW/views/inicio.php:0
[29-Mar-2019 01:31:08 UTC] PHP Warning:  include(../sections/_footer1.php): failed to open stream: No such file or directory in /home/ubuntu/workspace/DAW/Examen-DAW/views/inicio.php on line 4
[29-Mar-2019 01:31:08 UTC] PHP Stack trace:
[29-Mar-2019 01:31:08 UTC] PHP   1. {main}() /home/ubuntu/workspace/DAW/Examen-DAW/views/inicio.php:0
[29-Mar-2019 01:31:08 UTC] PHP Warning:  include(): Failed opening '../sections/_footer1.php' for inclusion (include_path='.:/usr/share/php:/usr/share/pear') in /home/ubuntu/workspace/DAW/Examen-DAW/views/inicio.php on line 4
[29-Mar-2019 01:31:08 UTC] PHP Stack trace:
[29-Mar-2019 01:31:08 UTC] PHP   1. {main}() /home/ubuntu/workspace/DAW/Examen-DAW/views/inicio.php:0
[29-Mar-2019 01:32:37 UTC] PHP Warning:  include(../sections/_footer1.php): failed to open stream: No such file or directory in /home/ubuntu/workspace/DAW/Examen-DAW/views/inicio.php on line 4
[29-Mar-2019 01:32:37 UTC] PHP Stack trace:
[29-Mar-2019 01:32:37 UTC] PHP   1. {main}() /home/ubuntu/workspace/DAW/Examen-DAW/views/inicio.php:0
[29-Mar-2019 01:32:37 UTC] PHP Warning:  include(): Failed opening '../sections/_footer1.php' for inclusion (include_path='.:/usr/share/php:/usr/share/pear') in /home/ubuntu/workspace/DAW/Examen-DAW/views/inicio.php on line 4
[29-Mar-2019 01:32:37 UTC] PHP Stack trace:
[29-Mar-2019 01:32:37 UTC] PHP   1. {main}() /home/ubuntu/workspace/DAW/Examen-DAW/views/inicio.php:0
[29-Mar-2019 01:34:57 UTC] PHP Warning:  include(../sections/_footer1.php): failed to open stream: No such file or directory in /home/ubuntu/workspace/DAW/Examen-DAW/views/inicio.php on line 4
[29-Mar-2019 01:34:57 UTC] PHP Stack trace:
[29-Mar-2019 01:34:57 UTC] PHP   1. {main}() /home/ubuntu/workspace/DAW/Examen-DAW/views/inicio.php:0
[29-Mar-2019 01:34:57 UTC] PHP Warning:  include(): Failed opening '../sections/_footer1.php' for inclusion (include_path='.:/usr/share/php:/usr/share/pear') in /home/ubuntu/workspace/DAW/Examen-DAW/views/inicio.php on line 4
[29-Mar-2019 01:34:57 UTC] PHP Stack trace:
[29-Mar-2019 01:34:57 UTC] PHP   1. {main}() /home/ubuntu/workspace/DAW/Examen-DAW/views/inicio.php:0
[29-Mar-2019 01:42:42 UTC] PHP Warning:  include(../sections/_registro.php): failed to open stream: No such file or directory in /home/ubuntu/workspace/DAW/Examen-DAW/views/registros.php on line 3
[29-Mar-2019 01:42:42 UTC] PHP Stack trace:
[29-Mar-2019 01:42:42 UTC] PHP   1. {main}() /home/ubuntu/workspace/DAW/Examen-DAW/views/registros.php:0
[29-Mar-2019 01:42:42 UTC] PHP Warning:  include(): Failed opening '../sections/_registro.php' for inclusion (include_path='.:/usr/share/php:/usr/share/pear') in /home/ubuntu/workspace/DAW/Examen-DAW/views/registros.php on line 3
[29-Mar-2019 01:42:42 UTC] PHP Stack trace:
[29-Mar-2019 01:42:42 UTC] PHP   1. {main}() /home/ubuntu/workspace/DAW/Examen-DAW/views/registros.php:0
[29-Mar-2019 01:42:50 UTC] PHP Warning:  include(../sections/_registro.php): failed to open stream: No such file or directory in /home/ubuntu/workspace/DAW/Examen-DAW/views/registros.php on line 3
[29-Mar-2019 01:42:50 UTC] PHP Stack trace:
[29-Mar-2019 01:42:50 UTC] PHP   1. {main}() /home/ubuntu/workspace/DAW/Examen-DAW/views/registros.php:0
[29-Mar-2019 01:42:50 UTC] PHP Warning:  include(): Failed opening '../sections/_registro.php' for inclusion (include_path='.:/usr/share/php:/usr/share/pear') in /home/ubuntu/workspace/DAW/Examen-DAW/views/registros.php on line 3
[29-Mar-2019 01:42:50 UTC] PHP Stack trace:
[29-Mar-2019 01:42:50 UTC] PHP   1. {main}() /home/ubuntu/workspace/DAW/Examen-DAW/views/registros.php:0
[29-Mar-2019 01:42:52 UTC] PHP Warning:  include(../sections/_registro.php): failed to open stream: No such file or directory in /home/ubuntu/workspace/DAW/Examen-DAW/views/registros.php on line 3
[29-Mar-2019 01:42:52 UTC] PHP Stack trace:
[29-Mar-2019 01:42:52 UTC] PHP   1. {main}() /home/ubuntu/workspace/DAW/Examen-DAW/views/registros.php:0
[29-Mar-2019 01:42:52 UTC] PHP Warning:  include(): Failed opening '../sections/_registro.php' for inclusion (include_path='.:/usr/share/php:/usr/share/pear') in /home/ubuntu/workspace/DAW/Examen-DAW/views/registros.php on line 3
[29-Mar-2019 01:42:52 UTC] PHP Stack trace:
[29-Mar-2019 01:42:52 UTC] PHP   1. {main}() /home/ubuntu/workspace/DAW/Examen-DAW/views/registros.php:0
[29-Mar-2019 01:43:14 UTC] PHP Warning:  include(../sections/_registro.php): failed to open stream: No such file or directory in /home/ubuntu/workspace/DAW/Examen-DAW/views/registros.php on line 3
[29-Mar-2019 01:43:14 UTC] PHP Stack trace:
[29-Mar-2019 01:43:14 UTC] PHP   1. {main}() /home/ubuntu/workspace/DAW/Examen-DAW/views/registros.php:0
[29-Mar-2019 01:43:14 UTC] PHP Warning:  include(): Failed opening '../sections/_registro.php' for inclusion (include_path='.:/usr/share/php:/usr/share/pear') in /home/ubuntu/workspace/DAW/Examen-DAW/views/registros.php on line 3
[29-Mar-2019 01:43:14 UTC] PHP Stack trace:
[29-Mar-2019 01:43:14 UTC] PHP   1. {main}() /home/ubuntu/workspace/DAW/Examen-DAW/views/registros.php:0
[29-Mar-2019 03:30:41 UTC] PHP Parse error:  syntax error, unexpected 'echo' (T_ECHO) in /home/ubuntu/workspace/DAW/Examen-DAW/php/dinosaurio.php on line 6
[29-Mar-2019 03:30:41 UTC] PHP Stack trace:
[29-Mar-2019 03:30:41 UTC] PHP   1. {main}() /home/ubuntu/workspace/DAW/Examen-DAW/views/registros.php:0
[29-Mar-2019 03:30:41 UTC] PHP   2. include() /home/ubuntu/workspace/DAW/Examen-DAW/views/registros.php:3
[29-Mar-2019 03:53:36 UTC] PHP Parse error:  syntax error, unexpected end of file in /home/ubuntu/workspace/DAW/Examen-DAW/php/dinosaurio.php on line 17
[29-Mar-2019 03:53:36 UTC] PHP Stack trace:
[29-Mar-2019 03:53:36 UTC] PHP   1. {main}() /home/ubuntu/workspace/DAW/Examen-DAW/views/registros.php:0
[29-Mar-2019 03:53:36 UTC] PHP   2. include() /home/ubuntu/workspace/DAW/Examen-DAW/views/registros.php:3
[29-Mar-2019 03:53:57 UTC] PHP Fatal error:  Call to undefined function conect() in /home/ubuntu/workspace/DAW/Examen-DAW/php/utils.php on line 59
[29-Mar-2019 03:53:57 UTC] PHP Stack trace:
[29-Mar-2019 03:53:57 UTC] PHP   1. {main}() /home/ubuntu/workspace/DAW/Examen-DAW/views/registros.php:0
[29-Mar-2019 03:53:57 UTC] PHP   2. include() /home/ubuntu/workspace/DAW/Examen-DAW/views/registros.php:3
[29-Mar-2019 03:53:57 UTC] PHP   3. require_once() /home/ubuntu/workspace/DAW/Examen-DAW/sections/_registro.php:2
[29-Mar-2019 03:53:57 UTC] PHP   4. insertDinosaur() /home/ubuntu/workspace/DAW/Examen-DAW/php/dinosaurio.php:9
[29-Mar-2019 03:56:39 UTC] PHP Fatal error:  Call to undefined function conect() in /home/ubuntu/workspace/DAW/Examen-DAW/php/utils.php on line 59
[29-Mar-2019 03:56:39 UTC] PHP Stack trace:
[29-Mar-2019 03:56:39 UTC] PHP   1. {main}() /home/ubuntu/workspace/DAW/Examen-DAW/views/registros.php:0
[29-Mar-2019 03:56:39 UTC] PHP   2. include() /home/ubuntu/workspace/DAW/Examen-DAW/views/registros.php:3
[29-Mar-2019 03:56:39 UTC] PHP   3. require_once() /home/ubuntu/workspace/DAW/Examen-DAW/sections/_registro.php:2
[29-Mar-2019 03:56:39 UTC] PHP   4. insertDinosaur() /home/ubuntu/workspace/DAW/Examen-DAW/php/dinosaurio.php:9
[29-Mar-2019 03:57:12 UTC] PHP Fatal error:  Call to undefined function conect() in /home/ubuntu/workspace/DAW/Examen-DAW/php/utils.php on line 59
[29-Mar-2019 03:57:12 UTC] PHP Stack trace:
[29-Mar-2019 03:57:12 UTC] PHP   1. {main}() /home/ubuntu/workspace/DAW/Examen-DAW/views/registros.php:0
[29-Mar-2019 03:57:12 UTC] PHP   2. include() /home/ubuntu/workspace/DAW/Examen-DAW/views/registros.php:3
[29-Mar-2019 03:57:12 UTC] PHP   3. require_once() /home/ubuntu/workspace/DAW/Examen-DAW/sections/_registro.php:2
[29-Mar-2019 03:57:12 UTC] PHP   4. insertDinosaur() /home/ubuntu/workspace/DAW/Examen-DAW/php/dinosaurio.php:9
[29-Mar-2019 03:57:59 UTC] PHP Fatal error:  Call to undefined function conect() in /home/ubuntu/workspace/DAW/Examen-DAW/php/utils.php on line 59
[29-Mar-2019 03:57:59 UTC] PHP Stack trace:
[29-Mar-2019 03:57:59 UTC] PHP   1. {main}() /home/ubuntu/workspace/DAW/Examen-DAW/views/registros.php:0
[29-Mar-2019 03:57:59 UTC] PHP   2. include() /home/ubuntu/workspace/DAW/Examen-DAW/views/registros.php:3
[29-Mar-2019 03:57:59 UTC] PHP   3. require_once() /home/ubuntu/workspace/DAW/Examen-DAW/sections/_registro.php:2
[29-Mar-2019 03:57:59 UTC] PHP   4. insertDinosaur() /home/ubuntu/workspace/DAW/Examen-DAW/php/dinosaurio.php:9
[29-Mar-2019 03:58:07 UTC] PHP Fatal error:  Call to undefined function conect() in /home/ubuntu/workspace/DAW/Examen-DAW/php/utils.php on line 59
[29-Mar-2019 03:58:07 UTC] PHP Stack trace:
[29-Mar-2019 03:58:07 UTC] PHP   1. {main}() /home/ubuntu/workspace/DAW/Examen-DAW/views/registros.php:0
[29-Mar-2019 03:58:07 UTC] PHP   2. include() /home/ubuntu/workspace/DAW/Examen-DAW/views/registros.php:3
[29-Mar-2019 03:58:07 UTC] PHP   3. require_once() /home/ubuntu/workspace/DAW/Examen-DAW/sections/_registro.php:2
[29-Mar-2019 03:58:07 UTC] PHP   4. insertDinosaur() /home/ubuntu/workspace/DAW/Examen-DAW/php/dinosaurio.php:9
[29-Mar-2019 03:59:06 UTC] PHP Fatal error:  Call to undefined method mysqli::mysqli_real_escape_string() in /home/ubuntu/workspace/DAW/Examen-DAW/php/utils.php on line 68
[29-Mar-2019 03:59:06 UTC] PHP Stack trace:
[29-Mar-2019 03:59:06 UTC] PHP   1. {main}() /home/ubuntu/workspace/DAW/Examen-DAW/views/registros.php:0
[29-Mar-2019 03:59:06 UTC] PHP   2. include() /home/ubuntu/workspace/DAW/Examen-DAW/views/registros.php:3
[29-Mar-2019 03:59:06 UTC] PHP   3. require_once() /home/ubuntu/workspace/DAW/Examen-DAW/sections/_registro.php:2
[29-Mar-2019 03:59:06 UTC] PHP   4. insertDinosaur() /home/ubuntu/workspace/DAW/Examen-DAW/php/dinosaurio.php:9
[29-Mar-2019 03:59:11 UTC] PHP Fatal error:  Call to undefined method mysqli::mysqli_real_escape_string() in /home/ubuntu/workspace/DAW/Examen-DAW/php/utils.php on line 68
[29-Mar-2019 03:59:11 UTC] PHP Stack trace:
[29-Mar-2019 03:59:11 UTC] PHP   1. {main}() /home/ubuntu/workspace/DAW/Examen-DAW/views/registros.php:0
[29-Mar-2019 03:59:11 UTC] PHP   2. include() /home/ubuntu/workspace/DAW/Examen-DAW/views/registros.php:3
[29-Mar-2019 03:59:11 UTC] PHP   3. require_once() /home/ubuntu/workspace/DAW/Examen-DAW/sections/_registro.php:2
[29-Mar-2019 03:59:11 UTC] PHP   4. insertDinosaur() /home/ubuntu/workspace/DAW/Examen-DAW/php/dinosaurio.php:9
